c:\users\usuario\source\repos\WebFullCar\WebFullCar\Client\app\app.component.js
c:\users\usuario\source\repos\WebFullCar\WebFullCar\Client\app\app.component.js.map
c:\users\usuario\source\repos\WebFullCar\WebFullCar\Client\app\app.module.js
c:\users\usuario\source\repos\WebFullCar\WebFullCar\Client\app\app.module.js.map
c:\users\usuario\source\repos\WebFullCar\WebFullCar\Client\main.js
c:\users\usuario\source\repos\WebFullCar\WebFullCar\Client\main.js.map
c:\users\usuario\source\repos\WebFullCar\WebFullCar\Client\app\app.component.js
c:\users\usuario\source\repos\WebFullCar\WebFullCar\Client\app\app.component.js.map
c:\users\usuario\source\repos\WebFullCar\WebFullCar\Client\app\app.module.js
c:\users\usuario\source\repos\WebFullCar\WebFullCar\Client\app\app.module.js.map
c:\users\usuario\source\repos\WebFullCar\WebFullCar\Client\main.js
c:\users\usuario\source\repos\WebFullCar\WebFullCar\Client\main.js.map
c:\users\usuario\source\repos\WebFullCar\WebFullCar\Client\app\app.component.js
c:\users\usuario\source\repos\WebFullCar\WebFullCar\Client\app\app.component.js.map
c:\users\usuario\source\repos\WebFullCar\WebFullCar\Client\app\app.module.js
c:\users\usuario\source\repos\WebFullCar\WebFullCar\Client\app\app.module.js.map
c:\users\usuario\source\repos\WebFullCar\WebFullCar\Client\main.js
c:\users\usuario\source\repos\WebFullCar\WebFullCar\Client\main.js.map
c:\users\usuario\source\repos\WebFullCar\WebFullCar\Client\app\app.component.js
c:\users\usuario\source\repos\WebFullCar\WebFullCar\Client\app\app.component.js.map
c:\users\usuario\source\repos\WebFullCar\WebFullCar\Client\app\app.module.js
c:\users\usuario\source\repos\WebFullCar\WebFullCar\Client\app\app.module.js.map
c:\users\usuario\source\repos\WebFullCar\WebFullCar\Client\main.js
c:\users\usuario\source\repos\WebFullCar\WebFullCar\Client\main.js.map
c:\users\usuario\source\repos\WebFullCar\WebFullCar\Client\app\app.component.js
c:\users\usuario\source\repos\WebFullCar\WebFullCar\Client\app\app.component.js.map
c:\users\usuario\source\repos\WebFullCar\WebFullCar\Client\app\app.module.js
c:\users\usuario\source\repos\WebFullCar\WebFullCar\Client\app\app.module.js.map
c:\users\usuario\source\repos\WebFullCar\WebFullCar\Client\main.js
c:\users\usuario\source\repos\WebFullCar\WebFullCar\Client\main.js.map
c:\users\usuario\source\repos\WebFullCar\WebFullCar\Client\app\app.component.js
c:\users\usuario\source\repos\WebFullCar\WebFullCar\Client\app\app.component.js.map
c:\users\usuario\source\repos\WebFullCar\WebFullCar\Client\app\app.module.js
c:\users\usuario\source\repos\WebFullCar\WebFullCar\Client\app\app.module.js.map
c:\users\usuario\source\repos\WebFullCar\WebFullCar\Client\main.js
c:\users\usuario\source\repos\WebFullCar\WebFullCar\Client\main.js.map
c:\users\usuario\source\repos\WebFullCar\WebFullCar\Client\app\app.component.js
c:\users\usuario\source\repos\WebFullCar\WebFullCar\Client\app\app.component.js.map
c:\users\usuario\source\repos\WebFullCar\WebFullCar\Client\app\app.module.js
c:\users\usuario\source\repos\WebFullCar\WebFullCar\Client\app\app.module.js.map
c:\users\usuario\source\repos\WebFullCar\WebFullCar\Client\main.js
c:\users\usuario\source\repos\WebFullCar\WebFullCar\Client\main.js.map
c:\users\usuario\source\repos\WebFullCar\WebFullCar\Client\app\app.component.js
c:\users\usuario\source\repos\WebFullCar\WebFullCar\Client\app\app.component.js.map
c:\users\usuario\source\repos\WebFullCar\WebFullCar\Client\app\app.module.js
c:\users\usuario\source\repos\WebFullCar\WebFullCar\Client\app\app.module.js.map
c:\users\usuario\source\repos\WebFullCar\WebFullCar\Client\main.js
c:\users\usuario\source\repos\WebFullCar\WebFullCar\Client\main.js.map
c:\users\usuario\source\repos\WebFullCar\WebFullCar\Client\app\app.component.js
c:\users\usuario\source\repos\WebFullCar\WebFullCar\Client\app\app.component.js.map
c:\users\usuario\source\repos\WebFullCar\WebFullCar\Client\app\app.module.js
c:\users\usuario\source\repos\WebFullCar\WebFullCar\Client\app\app.module.js.map
c:\users\usuario\source\repos\WebFullCar\WebFullCar\Client\main.js
c:\users\usuario\source\repos\WebFullCar\WebFullCar\Client\main.js.map
c:\users\usuario\source\repos\WebFullCar\WebFullCar\Client\app\app.component.js
c:\users\usuario\source\repos\WebFullCar\WebFullCar\Client\app\app.component.js.map
c:\users\usuario\source\repos\WebFullCar\WebFullCar\Client\app\app.module.js
c:\users\usuario\source\repos\WebFullCar\WebFullCar\Client\app\app.module.js.map
c:\users\usuario\source\repos\WebFullCar\WebFullCar\Client\main.js
c:\users\usuario\source\repos\WebFullCar\WebFullCar\Client\main.js.map
c:\users\usuario\source\repos\WebFullCar\WebFullCar\Client\app\app.component.js
c:\users\usuario\source\repos\WebFullCar\WebFullCar\Client\app\app.component.js.map
c:\users\usuario\source\repos\WebFullCar\WebFullCar\Client\app\app.module.js
c:\users\usuario\source\repos\WebFullCar\WebFullCar\Client\app\app.module.js.map
c:\users\usuario\source\repos\WebFullCar\WebFullCar\Client\main.js
c:\users\usuario\source\repos\WebFullCar\WebFullCar\Client\main.js.map
c:\users\usuario\source\repos\WebFullCar\WebFullCar\Client\app\app.component.js
c:\users\usuario\source\repos\WebFullCar\WebFullCar\Client\app\app.component.js.map
c:\users\usuario\source\repos\WebFullCar\WebFullCar\Client\app\app.module.js
c:\users\usuario\source\repos\WebFullCar\WebFullCar\Client\app\app.module.js.map
c:\users\usuario\source\repos\WebFullCar\WebFullCar\Client\main.js
c:\users\usuario\source\repos\WebFullCar\WebFullCar\Client\main.js.map
c:\users\usuario\source\repos\WebFullCar\WebFullCar\Client\app\app.component.js
c:\users\usuario\source\repos\WebFullCar\WebFullCar\Client\app\app.component.js.map
c:\users\usuario\source\repos\WebFullCar\WebFullCar\Client\app\app.module.js
c:\users\usuario\source\repos\WebFullCar\WebFullCar\Client\app\app.module.js.map
c:\users\usuario\source\repos\WebFullCar\WebFullCar\Client\main.js
c:\users\usuario\source\repos\WebFullCar\WebFullCar\Client\main.js.map
c:\users\usuario\source\repos\WebFullCar\WebFullCar\Client\app\app.component.js
c:\users\usuario\source\repos\WebFullCar\WebFullCar\Client\app\app.component.js.map
c:\users\usuario\source\repos\WebFullCar\WebFullCar\Client\app\app.module.js
c:\users\usuario\source\repos\WebFullCar\WebFullCar\Client\app\app.module.js.map
c:\users\usuario\source\repos\WebFullCar\WebFullCar\Client\main.js
c:\users\usuario\source\repos\WebFullCar\WebFullCar\Client\main.js.map
c:\users\usuario\source\repos\WebFullCar\WebFullCar\Client\app\app.component.js
c:\users\usuario\source\repos\WebFullCar\WebFullCar\Client\app\app.component.js.map
c:\users\usuario\source\repos\WebFullCar\WebFullCar\Client\app\app.module.js
c:\users\usuario\source\repos\WebFullCar\WebFullCar\Client\app\app.module.js.map
c:\users\usuario\source\repos\WebFullCar\WebFullCar\Client\main.js
c:\users\usuario\source\repos\WebFullCar\WebFullCar\Client\main.js.map
